<?xml version="1.0" encoding="UTF-8"?>
<testsuite name="CinemaTests" tests="1" skipped="0" failures="0" errors="0" timestamp="2021-09-24T11:33:08" hostname="DESKTOP-KSMPIDG" time="8.31">
  <properties/>
  <testcase name="start" classname="CinemaTests" time="8.31"/>
  <system-out><![CDATA[?[1;31m
Start test 1?[0m

  .   ____          _            __ _ _
 /\\ / ___'_ __ _ _(_)_ __  __ _ \ \ \ \
( ( )\___ | '_ | '_| | '_ \/ _` | \ \ \ \
 \\/  ___)| |_)| | | | | || (_| |  ) ) ) )
  '  |____| .__|_| |_|_| |_\__, | / / / /
 =========|_|==============|___/=/_/_/_/
 :: Spring Boot ::        (v2.2.2.RELEASE)

2021-09-24 13:33:09.803  INFO 8856 --- [    Test worker] cinema.Main                              : Starting Main on DESKTOP-KSMPIDG with PID 8856 (started by A593191 in C:\Users\A593191\IdeaProjects\Cinema Room REST Service\Cinema Room REST Service\task)
2021-09-24 13:33:09.814  INFO 8856 --- [    Test worker] cinema.Main                              : No active profile set, falling back to default profiles: default
2021-09-24 13:33:13.406  INFO 8856 --- [    Test worker] o.s.b.w.embedded.tomcat.TomcatWebServer  : Tomcat initialized with port(s): 28852 (http)
2021-09-24 13:33:13.432  INFO 8856 --- [    Test worker] o.apache.catalina.core.StandardService   : Starting service [Tomcat]
2021-09-24 13:33:13.433  INFO 8856 --- [    Test worker] org.apache.catalina.core.StandardEngine  : Starting Servlet engine: [Apache Tomcat/9.0.29]
2021-09-24 13:33:13.708  INFO 8856 --- [    Test worker] o.a.c.c.C.[Tomcat].[localhost].[/]       : Initializing Spring embedded WebApplicationContext
2021-09-24 13:33:13.709  INFO 8856 --- [    Test worker] o.s.web.context.ContextLoader            : Root WebApplicationContext: initialization completed in 3693 ms
2021-09-24 13:33:14.554  INFO 8856 --- [    Test worker] o.s.s.concurrent.ThreadPoolTaskExecutor  : Initializing ExecutorService 'applicationTaskExecutor'
2021-09-24 13:33:15.068  INFO 8856 --- [    Test worker] o.s.b.a.e.web.EndpointLinksResolver      : Exposing 14 endpoint(s) beneath base path '/actuator'
2021-09-24 13:33:15.228  INFO 8856 --- [    Test worker] o.s.b.w.embedded.tomcat.TomcatWebServer  : Tomcat started on port(s): 28852 (http) with context path ''
2021-09-24 13:33:15.239  INFO 8856 --- [    Test worker] cinema.Main                              : Started Main in 6.387 seconds (JVM running for 8.268)
2021-09-24 13:33:16.009  INFO 8856 --- [io-28852-exec-1] o.a.c.c.C.[Tomcat].[localhost].[/]       : Initializing Spring DispatcherServlet 'dispatcherServlet'
2021-09-24 13:33:16.010  INFO 8856 --- [io-28852-exec-1] o.s.web.servlet.DispatcherServlet        : Initializing Servlet 'dispatcherServlet'
2021-09-24 13:33:16.028  INFO 8856 --- [io-28852-exec-1] o.s.web.servlet.DispatcherServlet        : Completed initialization in 14 ms
?[1;31m
Start test 2?[0m
?[1;31m
Start test 3?[0m
?[1;31m
Start test 4?[0m
?[1;31m
Start test 5?[0m
?[1;31m
Start test 6?[0m
?[1;31m
Start test 7?[0m
?[1;31m
Start test 8?[0m
?[1;31m
Start test 9?[0m
?[1;31m
Start test 10?[0m
?[1;31m
Start test 11?[0m
?[1;31m
Start test 12?[0m
]]></system-out>
  <system-err><![CDATA[]]></system-err>
</testsuite>
